========================================
  UAV File Broadcast Receiver
  UAV ID: 3
========================================
[UAV 3] Listening for broadcasts on 239.255.1.1:9000
[UAV 3] Message receiver thread started.
[UAV 3] Session initialized:
  File: test_file.bin
  Total chunks: 300
  Total windows: 5
  Output: received_uav3_test_file.bin
[UAV 3] Window 0 status: received 62/64 chunks, received_bitmap=0x7ffffffffffff7ff, expected_bitmap=0xffffffffffffffff, missing_bitmap=0x8000000000000800
[UAV 3] Window 0: Preparing to send NACK for 2 missing chunks
[UAV 3] Sent NACK for window 0 (missing 62 chunks)
[UAV 3] Window 0 completed and saved.
[UAV 3] Progress: 100/300 chunks (33.3%)
[UAV 3] Window 1 status: received 52/64 chunks, received_bitmap=0xd6dcffdfffede7df, expected_bitmap=0xffffffffffffffff, missing_bitmap=0x2923002000121820
[UAV 3] Window 1: Preparing to send NACK for 12 missing chunks
[UAV 3] Sent NACK for window 1 (missing 52 chunks)
[UAV 3] Window 1 status: received 63/64 chunks, received_bitmap=0xf7ffffffffffffff, expected_bitmap=0xffffffffffffffff, missing_bitmap=0x800000000000000
[UAV 3] Window 1: Preparing to send NACK for 1 missing chunks
[UAV 3] Sent NACK for window 1 (missing 63 chunks)
[UAV 3] Window 1 completed and saved.
[UAV 3] Window 2 status: received 58/64 chunks, received_bitmap=0xbdff7fffbeffffbf, expected_bitmap=0xffffffffffffffff, missing_bitmap=0x4200800041000040
[UAV 3] Window 2: Preparing to send NACK for 6 missing chunks
[UAV 3] Sent NACK for window 2 (missing 58 chunks)
[UAV 3] Window 2 status: received 63/64 chunks, received_bitmap=0xfffffffffeffffff, expected_bitmap=0xffffffffffffffff, missing_bitmap=0x1000000
[UAV 3] Window 2: Preparing to send NACK for 1 missing chunks
[UAV 3] Sent NACK for window 2 (missing 63 chunks)
[UAV 3] Window 2 status: received 63/64 chunks, received_bitmap=0xfffffffffeffffff, expected_bitmap=0xffffffffffffffff, missing_bitmap=0x1000000
[UAV 3] Window 2: Preparing to send NACK for 1 missing chunks
[UAV 3] Sent NACK for window 2 (missing 63 chunks)
[UAV 3] Window 2 completed and saved.
[UAV 3] Progress: 200/300 chunks (66.7%)
[UAV 3] Window 3 status: received 59/64 chunks, received_bitmap=0xffdf77fffffffcff, expected_bitmap=0xffffffffffffffff, missing_bitmap=0x20880000000300
[UAV 3] Window 3: Preparing to send NACK for 5 missing chunks
[UAV 3] Sent NACK for window 3 (missing 59 chunks)
[UAV 3] Window 3 status: received 62/64 chunks, received_bitmap=0xffdf7fffffffffff, expected_bitmap=0xffffffffffffffff, missing_bitmap=0x20800000000000
[UAV 3] Window 3: Preparing to send NACK for 2 missing chunks
[UAV 3] Sent NACK for window 3 (missing 62 chunks)
[UAV 3] Window 3 completed and saved.
[UAV 3] Window 4 status: received 39/44 chunks, received_bitmap=0xfffffdffc6f, expected_bitmap=0xfffffffffff, missing_bitmap=0x200390
[UAV 3] Window 4: Preparing to send NACK for 5 missing chunks
[UAV 3] Sent NACK for window 4 (missing 59 chunks)
[UAV 3] Window 4 completed and saved.
[UAV 3] Progress: 300/300 chunks (100.0%)
[UAV 3] Received END message, verifying file...
[UAV 3] Received END message, verifying file...
free(): double free detected in tcache 2
